<?xml version="1.0" encoding="UTF-8"?>
<!-- Generated by org.testng.reporters.JUnitReportReporter -->
<testsuite hostname="DESKTOP-99L8349" failures="0" tests="1" name="TestCases.NewAccount" time="3.307" errors="0" timestamp="2024-03-12T13:22:57 CET" skipped="0">
  <testcase classname="TestCases.NewAccount" name="NewAccountOpening" time="3.307"/>
</testsuite> <!-- TestCases.NewAccount -->
