<?xml version="1.0" encoding="UTF-8"?>
<!-- Generated by org.testng.reporters.JUnitReportReporter -->
<testsuite hostname="DESKTOP-99L8349" failures="0" tests="1" name="TestCases.RequestLoanTest" time="2.419" errors="0" timestamp="2024-03-12T15:11:58 CET" skipped="0">
  <testcase classname="TestCases.RequestLoanTest" name="RequestLoan" time="2.419"/>
</testsuite> <!-- TestCases.RequestLoanTest -->
