<?xml version="1.0" encoding="UTF-8"?>
<!-- Generated by org.testng.reporters.JUnitReportReporter -->
<testsuite hostname="DESKTOP-99L8349" failures="0" tests="1" name="TestCases.Login" time="6.166" errors="0" timestamp="2024-03-04T11:51:57 CET" skipped="0">
  <testcase classname="TestCases.Login" name="LoginTest" time="6.166"/>
</testsuite> <!-- TestCases.Login -->
