<?xml version="1.0" encoding="UTF-8"?>
<!-- Generated by org.testng.reporters.JUnitReportReporter -->
<testsuite hostname="DESKTOP-99L8349" failures="0" tests="1" name="TestCases.LoginWithInvalidCredentials" time="6.110" errors="0" timestamp="2024-03-04T11:55:07 CET" skipped="0">
  <testcase classname="TestCases.LoginWithInvalidCredentials" name="LoginTest" time="6.110"/>
</testsuite> <!-- TestCases.LoginWithInvalidCredentials -->
