<?xml version="1.0" encoding="UTF-8"?>
<!-- Generated by org.testng.reporters.JUnitReportReporter -->
<testsuite hostname="DESKTOP-99L8349" failures="0" tests="1" name="TestCases.LoginWithValidCredentials" time="1.049" errors="0" timestamp="2024-03-06T11:17:15 CET" skipped="0">
  <testcase classname="TestCases.LoginWithValidCredentials" name="Login" time="1.049"/>
</testsuite> <!-- TestCases.LoginWithValidCredentials -->
