<?xml version="1.0" encoding="UTF-8"?>
<!-- Generated by org.testng.reporters.JUnitReportReporter -->
<testsuite hostname="DESKTOP-99L8349" failures="0" tests="1" name="TestCases.TransferFundsTest" time="2.550" errors="0" timestamp="2024-03-12T15:08:39 CET" skipped="0">
  <testcase classname="TestCases.TransferFundsTest" name="TransferFunds" time="2.550"/>
</testsuite> <!-- TestCases.TransferFundsTest -->
